<?xml version="1.0" encoding="UTF-8"?>
<testng-results skipped="0" failed="0" total="1" passed="1">
  <reporter-output>
  </reporter-output>
  <suite name="Default suite" duration-ms="8699" started-at="2016-07-21T07:15:17Z" finished-at="2016-07-21T07:15:26Z">
    <groups>
    </groups>
    <test name="Default test" duration-ms="8699" started-at="2016-07-21T07:15:17Z" finished-at="2016-07-21T07:15:26Z">
      <class name="com.autotest.testcase.Login">
        <test-method status="PASS" signature="LoginTest(java.util.Map)[pri:0, instance:com.autotest.testcase.Login@2d10609a]" name="LoginTest" duration-ms="8365" started-at="2016-07-21T15:15:18Z" data-provider="testData" finished-at="2016-07-21T15:15:26Z">
          <params>
            <param index="0">
              <value>
                <![CDATA[{result=许书文, username=xushuwen, password=111111}]]>
              </value>
            </param>
          </params>
          <reporter-output>
          </reporter-output>
        </test-method> <!-- LoginTest -->
      </class> <!-- com.autotest.testcase.Login -->
    </test> <!-- Default test -->
  </suite> <!-- Default suite -->
</testng-results>
